<?xml version="1.0" encoding="UTF-8"?>
<Site BuildName="(empty)"
	BuildStamp="20231104-1338-Experimental"
	Name="(empty)"
	Generator="ctest-3.26.3"
	CompilerName=""
	CompilerVersion=""
	OSName="Windows"
	Hostname="RaphBook"
	OSRelease=" Personal"
	OSVersion=" (Build 9200)"
	OSPlatform="AMD64"
	Is64Bits="1"
	VendorString=""
	VendorID="Unknown Manufacturer"
	FamilyID="0"
	ModelID="0"
	ProcessorCacheSize="0"
	NumberOfLogicalCPU="16"
	NumberOfPhysicalCPU="12"
	TotalVirtualMemory="17151"
	TotalPhysicalMemory="16008"
	LogicalProcessorsPerPhysical="1"
	ProcessorClockFrequency="2112"
	>
	<Testing>
		<StartDateTime>Nov 04 15:56 Paris, Madrid</StartDateTime>
		<StartTestTime>1699109819</StartTestTime>
		<TestList/>
		<EndDateTime>Nov 04 15:56 Paris, Madrid</EndDateTime>
		<EndTestTime>1699109819</EndTestTime>
		<ElapsedMinutes>0</ElapsedMinutes>
	</Testing>
</Site>
